# JRE version: Java(TM) SE Runtime Environment (8.0_192-b12) (build 1.8.0_192-b12)
# Java VM: Java HotSpot(TM) 64-Bit Server VM (25.192-b12 mixed mode windows-amd64 compressed oops)
Heap:
 PSYoungGen      total 210432K, used 51059K [0x00000000d5c00000, 0x00000000e8000000, 0x0000000100000000)
  eden space 194048K, 17% used [0x00000000d5c00000,0x00000000d7dde9a0,0x00000000e1980000)
  from space 16384K, 99% used [0x00000000e7000000,0x00000000e7ffe558,0x00000000e8000000)
  to   space 24064K, 0% used [0x00000000e5100000,0x00000000e5100000,0x00000000e6880000)
 ParOldGen       total 84992K, used 37710K [0x0000000081400000, 0x0000000086700000, 0x00000000d5c00000)
  object space 84992K, 44% used [0x0000000081400000,0x00000000838d3980,0x0000000086700000)
 Metaspace       used 23452K, capacity 24032K, committed 24192K, reserved 1071104K
  class space    used 2748K, capacity 2912K, committed 2944K, reserved 1048576K
GC Heap History (10 events):
Event: 3.461 GC heap before
{Heap before GC invocations=5 (full 0):
 PSYoungGen      total 71680K, used 71673K [0x00000000d5c00000, 0x00000000da700000, 0x0000000100000000)
  eden space 66560K, 100% used [0x00000000d5c00000,0x00000000d9d00000,0x00000000d9d00000)
  from space 5120K, 99% used [0x00000000da200000,0x00000000da6fe640,0x00000000da700000)
  to   space 5120K, 0% used [0x00000000d9d00000,0x00000000d9d00000,0x00000000da200000)
 ParOldGen       total 87552K, used 10811K [0x0000000081400000, 0x0000000086980000, 0x00000000d5c00000)
  object space 87552K, 12% used [0x0000000081400000,0x0000000081e8ef88,0x0000000086980000)
 Metaspace       used 15711K, capacity 16042K, committed 16384K, reserved 1062912K
  class space    used 1871K, capacity 1953K, committed 2048K, reserved 1048576K
Event: 3.486 GC heap after
Heap after GC invocations=5 (full 0):
 PSYoungGen      total 71680K, used 5097K [0x00000000d5c00000, 0x00000000df700000, 0x0000000100000000)
  eden space 66560K, 0% used [0x00000000d5c00000,0x00000000d5c00000,0x00000000d9d00000)
  from space 5120K, 99% used [0x00000000d9d00000,0x00000000da1fa630,0x00000000da200000)
  to   space 12800K, 0% used [0x00000000dea80000,0x00000000dea80000,0x00000000df700000)
 ParOldGen       total 87552K, used 15699K [0x0000000081400000, 0x0000000086980000, 0x00000000d5c00000)
  object space 87552K, 17% used [0x0000000081400000,0x0000000082354fc8,0x0000000086980000)
 Metaspace       used 15711K, capacity 16042K, committed 16384K, reserved 1062912K
  class space    used 1871K, capacity 1953K, committed 2048K, reserved 1048576K
}
Event: 4.913 GC heap before
{Heap before GC invocations=6 (full 0):
 PSYoungGen      total 71680K, used 71657K [0x00000000d5c00000, 0x00000000df700000, 0x0000000100000000)
  eden space 66560K, 100% used [0x00000000d5c00000,0x00000000d9d00000,0x00000000d9d00000)
  from space 5120K, 99% used [0x00000000d9d00000,0x00000000da1fa630,0x00000000da200000)
  to   space 12800K, 0% used [0x00000000dea80000,0x00000000dea80000,0x00000000df700000)
 ParOldGen       total 87552K, used 15699K [0x0000000081400000, 0x0000000086980000, 0x00000000d5c00000)
  object space 87552K, 17% used [0x0000000081400000,0x0000000082354fc8,0x0000000086980000)
 Metaspace       used 17023K, capacity 17456K, committed 17536K, reserved 1064960K
  class space    used 2015K, capacity 2130K, committed 2176K, reserved 1048576K
Event: 4.930 GC heap after
Heap after GC invocations=6 (full 0):
 PSYoungGen      total 145920K, used 9673K [0x00000000d5c00000, 0x00000000df700000, 0x0000000100000000)
  eden space 133120K, 0% used [0x00000000d5c00000,0x00000000d5c00000,0x00000000dde00000)
  from space 12800K, 75% used [0x00000000dea80000,0x00000000df3f2650,0x00000000df700000)
  to   space 12800K, 0% used [0x00000000dde00000,0x00000000dde00000,0x00000000dea80000)
 ParOldGen       total 87552K, used 15707K [0x0000000081400000, 0x0000000086980000, 0x00000000d5c00000)
  object space 87552K, 17% used [0x0000000081400000,0x0000000082356fc8,0x0000000086980000)
 Metaspace       used 17023K, capacity 17456K, committed 17536K, reserved 1064960K
  class space    used 2015K, capacity 2130K, committed 2176K, reserved 1048576K
}
Event: 6.361 GC heap before
{Heap before GC invocations=7 (full 0):
 PSYoungGen      total 145920K, used 71470K [0x00000000d5c00000, 0x00000000df700000, 0x0000000100000000)
  eden space 133120K, 46% used [0x00000000d5c00000,0x00000000d98592d0,0x00000000dde00000)
  from space 12800K, 75% used [0x00000000dea80000,0x00000000df3f2650,0x00000000df700000)
  to   space 12800K, 0% used [0x00000000dde00000,0x00000000dde00000,0x00000000dea80000)
 ParOldGen       total 87552K, used 15707K [0x0000000081400000, 0x0000000086980000, 0x00000000d5c00000)
  object space 87552K, 17% used [0x0000000081400000,0x0000000082356fc8,0x0000000086980000)
 Metaspace       used 20686K, capacity 21146K, committed 21296K, reserved 1069056K
  class space    used 2476K, capacity 2616K, committed 2688K, reserved 1048576K
Event: 6.403 GC heap after
Heap after GC invocations=7 (full 0):
 PSYoungGen      total 145920K, used 12793K [0x00000000d5c00000, 0x00000000e8000000, 0x0000000100000000)
  eden space 133120K, 0% used [0x00000000d5c00000,0x00000000d5c00000,0x00000000dde00000)
  from space 12800K, 99% used [0x00000000dde00000,0x00000000dea7e7f0,0x00000000dea80000)
  to   space 16384K, 0% used [0x00000000e7000000,0x00000000e7000000,0x00000000e8000000)
 ParOldGen       total 87552K, used 19413K [0x0000000081400000, 0x0000000086980000, 0x00000000d5c00000)
  object space 87552K, 22% used [0x0000000081400000,0x00000000826f5640,0x0000000086980000)
 Metaspace       used 20686K, capacity 21146K, committed 21296K, reserved 1069056K
  class space    used 2476K, capacity 2616K, committed 2688K, reserved 1048576K
}
Event: 6.403 GC heap before
{Heap before GC invocations=8 (full 1):
 PSYoungGen      total 145920K, used 12793K [0x00000000d5c00000, 0x00000000e8000000, 0x0000000100000000)
  eden space 133120K, 0% used [0x00000000d5c00000,0x00000000d5c00000,0x00000000dde00000)
  from space 12800K, 99% used [0x00000000dde00000,0x00000000dea7e7f0,0x00000000dea80000)
  to   space 16384K, 0% used [0x00000000e7000000,0x00000000e7000000,0x00000000e8000000)
 ParOldGen       total 87552K, used 19413K [0x0000000081400000, 0x0000000086980000, 0x00000000d5c00000)
  object space 87552K, 22% used [0x0000000081400000,0x00000000826f5640,0x0000000086980000)
 Metaspace       used 20686K, capacity 21146K, committed 21296K, reserved 1069056K
  class space    used 2476K, capacity 2616K, committed 2688K, reserved 1048576K
Event: 6.563 GC heap after
Heap after GC invocations=8 (full 1):
 PSYoungGen      total 145920K, used 0K [0x00000000d5c00000, 0x00000000e8000000, 0x0000000100000000)
  eden space 133120K, 0% used [0x00000000d5c00000,0x00000000d5c00000,0x00000000dde00000)
  from space 12800K, 0% used [0x00000000dde00000,0x00000000dde00000,0x00000000dea80000)
  to   space 16384K, 0% used [0x00000000e7000000,0x00000000e7000000,0x00000000e8000000)
 ParOldGen       total 84992K, used 25558K [0x0000000081400000, 0x0000000086700000, 0x00000000d5c00000)
  object space 84992K, 30% used [0x0000000081400000,0x0000000082cf5988,0x0000000086700000)
 Metaspace       used 20686K, capacity 21146K, committed 21296K, reserved 1069056K
  class space    used 2476K, capacity 2616K, committed 2688K, reserved 1048576K
}
Event: 9.632 GC heap before
{Heap before GC invocations=9 (full 1):
 PSYoungGen      total 145920K, used 133120K [0x00000000d5c00000, 0x00000000e8000000, 0x0000000100000000)
  eden space 133120K, 100% used [0x00000000d5c00000,0x00000000dde00000,0x00000000dde00000)
  from space 12800K, 0% used [0x00000000dde00000,0x00000000dde00000,0x00000000dea80000)
  to   space 16384K, 0% used [0x00000000e7000000,0x00000000e7000000,0x00000000e8000000)
 ParOldGen       total 84992K, used 25558K [0x0000000081400000, 0x0000000086700000, 0x00000000d5c00000)
  object space 84992K, 30% used [0x0000000081400000,0x0000000082cf5988,0x0000000086700000)
 Metaspace       used 23426K, capacity 24032K, committed 24192K, reserved 1071104K
  class space    used 2747K, capacity 2912K, committed 2944K, reserved 1048576K
Event: 9.702 GC heap after
Heap after GC invocations=9 (full 1):
 PSYoungGen      total 210432K, used 16377K [0x00000000d5c00000, 0x00000000e8000000, 0x0000000100000000)
  eden space 194048K, 0% used [0x00000000d5c00000,0x00000000d5c00000,0x00000000e1980000)
  from space 16384K, 99% used [0x00000000e7000000,0x00000000e7ffe558,0x00000000e8000000)
  to   space 24064K, 0% used [0x00000000e5100000,0x00000000e5100000,0x00000000e6880000)
 ParOldGen       total 84992K, used 37710K [0x0000000081400000, 0x0000000086700000, 0x00000000d5c00000)
  object space 84992K, 44% used [0x0000000081400000,0x00000000838d3980,0x0000000086700000)
 Metaspace       used 23426K, capacity 24032K, committed 24192K, reserved 1071104K
  class space    used 2747K, capacity 2912K, committed 2944K, reserved 1048576K
}

